[debug] [2020-12-27T05:42:14.832Z] ----------------------------------------------------------------------
[debug] [2020-12-27T05:42:14.834Z] Command:       /usr/local/bin/node /usr/local/bin/firebase init
[debug] [2020-12-27T05:42:14.835Z] CLI Version:   9.1.0
[debug] [2020-12-27T05:42:14.835Z] Platform:      darwin
[debug] [2020-12-27T05:42:14.835Z] Node Version:  v12.18.4
[debug] [2020-12-27T05:42:14.836Z] Time:          Sat Dec 26 2020 23:42:14 GMT-0600 (Central Standard Time)
[debug] [2020-12-27T05:42:14.837Z] ----------------------------------------------------------------------
[debug] [2020-12-27T05:42:14.837Z] 
[debug] [2020-12-27T05:42:14.842Z] > command requires scopes: ["email","openid","https://www.googleapis.com/auth/cloudplatformprojects.readonly","https://www.googleapis.com/auth/firebase","https://www.googleapis.com/auth/cloud-platform"]
[debug] [2020-12-27T05:42:14.843Z] > authorizing via signed-in user
[info] 
     ######## #### ########  ######## ########     ###     ######  ########
     ##        ##  ##     ## ##       ##     ##  ##   ##  ##       ##
     ######    ##  ########  ######   ########  #########  ######  ######
     ##        ##  ##    ##  ##       ##     ## ##     ##       ## ##
     ##       #### ##     ## ######## ########  ##     ##  ######  ########

You're about to initialize a Firebase project in this directory:

  /Volumes/Home/GitHub/ninja-smoothies

Before we get started, keep in mind:

  * You are currently outside your home directory

